

Processing PagesController#index (for 127.0.0.1 at 2010-07-20 18:14:52) [GET]

ActionController::UnknownAction (No action responded to index. Actions: contact and home):
  D:/Ruby187/lib/ruby/1.8/webrick/httpserver.rb:104:in `service'
  D:/Ruby187/lib/ruby/1.8/webrick/httpserver.rb:65:in `run'
  D:/Ruby187/lib/ruby/1.8/webrick/server.rb:173:in `start_thread'
  D:/Ruby187/lib/ruby/1.8/webrick/server.rb:162:in `start'
  D:/Ruby187/lib/ruby/1.8/webrick/server.rb:162:in `start_thread'
  D:/Ruby187/lib/ruby/1.8/webrick/server.rb:95:in `start'
  D:/Ruby187/lib/ruby/1.8/webrick/server.rb:92:in `each'
  D:/Ruby187/lib/ruby/1.8/webrick/server.rb:92:in `start'
  D:/Ruby187/lib/ruby/1.8/webrick/server.rb:23:in `start'
  D:/Ruby187/lib/ruby/1.8/webrick/server.rb:82:in `start'

Rendering rescues/layout (not_found)


Processing PagesController#contact (for 127.0.0.1 at 2010-07-20 18:14:59) [GET]
Rendering pages/contact
Completed in 12ms (View: 10, DB: 0) | 200 OK [http://localhost/pages/contact]


Processing PagesController#home (for 127.0.0.1 at 2010-07-20 18:15:05) [GET]
Rendering pages/home
Completed in 13ms (View: 11, DB: 0) | 200 OK [http://localhost/pages/home]


Processing Rails::InfoController#properties (for 127.0.0.1 at 2010-07-21 16:54:08) [GET]
  [4;36;1mSQL (1.0ms)[0m   [0;1m SELECT name
 FROM sqlite_master
 WHERE type = 'table' AND NOT name = 'sqlite_sequence'
[0m
Completed in 80ms (View: 12, DB: 1) | 200 OK [http://127.0.0.1/rails/info/properties]


Processing PagesController#contact (for 127.0.0.1 at 2010-07-21 16:54:20) [GET]
Rendering template within layouts/application
Rendering pages/contact
Completed in 65ms (View: 62, DB: 0) | 200 OK [http://127.0.0.1/pages/contact]


Processing PagesController#home (for 127.0.0.1 at 2010-07-21 16:54:26) [GET]
Rendering template within layouts/application
Rendering pages/home
Completed in 9ms (View: 8, DB: 0) | 200 OK [http://127.0.0.1/pages/home]


Processing PagesController#index (for 127.0.0.1 at 2010-07-21 16:54:45) [GET]

ActionController::UnknownAction (No action responded to index. Actions: contact and home):
  -e:2:in `load'
  -e:2

Rendering rescues/layout (not_found)


Processing PagesController#contact (for 127.0.0.1 at 2010-07-21 17:12:38) [GET]
Rendering template within layouts/application
Rendering pages/contact
Completed in 11ms (View: 9, DB: 0) | 200 OK [http://127.0.0.1/pages/contact]


Processing ApplicationController#index (for 127.0.0.1 at 2010-07-21 17:12:38) [GET]

ActionController::RoutingError (No route matches "/stylesheets/blueprint/screen.css" with {:method=>:get}):
  -e:2:in `load'
  -e:2

Rendering rescues/layout (not_found)


Processing PagesController#contact (for 127.0.0.1 at 2010-07-21 17:13:14) [GET]
Rendering template within layouts/application
Rendering pages/contact
Completed in 4ms (View: 2, DB: 0) | 200 OK [http://127.0.0.1/pages/contact]


Processing PagesController#contact (for 127.0.0.1 at 2010-07-21 17:15:32) [GET]
Rendering template within layouts/application
Rendering pages/contact
Completed in 11ms (View: 9, DB: 0) | 200 OK [http://127.0.0.1/pages/contact]


Processing PagesController#contact (for 127.0.0.1 at 2010-07-21 17:16:19) [GET]
Rendering template within layouts/application
Rendering pages/contact
Completed in 12ms (View: 9, DB: 0) | 200 OK [http://127.0.0.1/pages/contact]


Processing Rails::InfoController#properties (for 127.0.0.1 at 2010-07-22 13:41:28) [GET]
  [4;35;1mSQL (60.0ms)[0m   [0m SELECT name
 FROM sqlite_master
 WHERE type = 'table' AND NOT name = 'sqlite_sequence'
[0m
Completed in 757ms (View: 82, DB: 60) | 200 OK [http://localhost/rails/info/properties]


Processing PagesController#index (for 127.0.0.1 at 2010-07-22 13:42:06) [GET]

ActionController::UnknownAction (No action responded to index. Actions: about, contact, and home):
  -e:2:in `load'
  -e:2

Rendering rescues/layout (not_found)


Processing PagesController#about (for 127.0.0.1 at 2010-07-22 13:42:10) [GET]
Rendering template within layouts/application
Rendering pages/about
Completed in 136ms (View: 133, DB: 0) | 200 OK [http://localhost/pages/about]


Processing PagesController#contact (for 127.0.0.1 at 2010-07-22 13:42:20) [GET]
Rendering template within layouts/application
Rendering pages/contact
Completed in 58ms (View: 40, DB: 0) | 200 OK [http://localhost/pages/contact]


Processing PagesController#home (for 127.0.0.1 at 2010-07-22 13:42:29) [GET]
Rendering template within layouts/application
Rendering pages/home
Completed in 11ms (View: 9, DB: 0) | 200 OK [http://localhost/pages/home]


Processing PagesController#home (for 127.0.0.1 at 2010-07-22 13:44:53) [GET]
Rendering template within layouts/application
Rendering pages/home
Completed in 6ms (View: 3, DB: 0) | 200 OK [http://localhost/pages/home]


Processing PagesController#home (for 127.0.0.1 at 2010-07-22 13:54:01) [GET]
Rendering template within layouts/application
Rendering pages/home
Completed in 13ms (View: 11, DB: 0) | 200 OK [http://localhost/pages/home]


Processing ApplicationController#index (for 127.0.0.1 at 2010-07-22 13:54:02) [GET]

ActionController::RoutingError (No route matches "/images/log.png" with {:method=>:get}):
  -e:2:in `load'
  -e:2

Rendering rescues/layout (not_found)


Processing ApplicationController#index (for 127.0.0.1 at 2010-07-22 13:54:02) [GET]

ActionController::RoutingError (No route matches "/stylesheets/custom.css" with {:method=>:get}):
  -e:2:in `load'
  -e:2

Rendering rescues/layout (not_found)


Processing PagesController#home (for 127.0.0.1 at 2010-07-22 13:56:32) [GET]
Rendering template within layouts/application
Rendering pages/home
Completed in 54ms (View: 51, DB: 0) | 200 OK [http://localhost/pages/home]


Processing ApplicationController#index (for 127.0.0.1 at 2010-07-22 13:56:33) [GET]

ActionController::RoutingError (No route matches "/images/log.png" with {:method=>:get}):
  -e:2:in `load'
  -e:2

Rendering rescues/layout (not_found)


Processing ApplicationController#index (for 127.0.0.1 at 2010-07-22 13:56:34) [GET]

ActionController::RoutingError (No route matches "/stylesheets/custom.css" with {:method=>:get}):
  -e:2:in `load'
  -e:2

Rendering rescues/layout (not_found)


Processing ApplicationController#index (for 127.0.0.1 at 2010-07-22 13:56:57) [GET]

ActionController::RoutingError (No route matches "/pages/..www.railstutorial.org/" with {:method=>:get}):
  -e:2:in `load'
  -e:2

Rendering rescues/layout (not_found)


Processing PagesController#home (for 127.0.0.1 at 2010-07-22 13:57:11) [GET]
Rendering template within layouts/application
Rendering pages/home
Completed in 80ms (View: 77, DB: 0) | 200 OK [http://localhost/pages/home]


Processing ApplicationController#index (for 127.0.0.1 at 2010-07-22 13:57:12) [GET]

ActionController::RoutingError (No route matches "/images/log.png" with {:method=>:get}):
  -e:2:in `load'
  -e:2

Rendering rescues/layout (not_found)


Processing ApplicationController#index (for 127.0.0.1 at 2010-07-22 13:57:13) [GET]

ActionController::RoutingError (No route matches "/stylesheets/custom.css" with {:method=>:get}):
  -e:2:in `load'
  -e:2

Rendering rescues/layout (not_found)


Processing PagesController#home (for 127.0.0.1 at 2010-07-22 13:58:25) [GET]
Rendering template within layouts/application
Rendering pages/home
Completed in 5ms (View: 4, DB: 0) | 200 OK [http://localhost/pages/home]


Processing ApplicationController#index (for 127.0.0.1 at 2010-07-22 13:58:26) [GET]

ActionController::RoutingError (No route matches "/images/log.png" with {:method=>:get}):
  -e:2:in `load'
  -e:2

Rendering rescues/layout (not_found)


Processing ApplicationController#index (for 127.0.0.1 at 2010-07-22 13:58:27) [GET]

ActionController::RoutingError (No route matches "/stylesheets/custom.css" with {:method=>:get}):
  -e:2:in `load'
  -e:2

Rendering rescues/layout (not_found)


Processing PagesController#home (for 127.0.0.1 at 2010-07-22 14:01:27) [GET]
Rendering template within layouts/application
Rendering pages/home
Completed in 8ms (View: 6, DB: 0) | 200 OK [http://localhost/pages/home]


Processing ApplicationController#index (for 127.0.0.1 at 2010-07-22 14:01:28) [GET]

ActionController::RoutingError (No route matches "/images/log.png" with {:method=>:get}):
  -e:2:in `load'
  -e:2

Rendering rescues/layout (not_found)


Processing ApplicationController#index (for 127.0.0.1 at 2010-07-22 14:01:29) [GET]

ActionController::RoutingError (No route matches "/stylesheets/custom.css" with {:method=>:get}):
  -e:2:in `load'
  -e:2

Rendering rescues/layout (not_found)


Processing ApplicationController#index (for 127.0.0.1 at 2010-07-22 14:02:01) [GET]

ActionController::RoutingError (No route matches "/images/log.png" with {:method=>:get}):
  -e:2:in `load'
  -e:2

Rendering rescues/layout (not_found)


Processing ApplicationController#index (for 127.0.0.1 at 2010-07-22 14:02:26) [GET]

ActionController::RoutingError (No route matches "/images/log.png" with {:method=>:get}):
  -e:2:in `load'
  -e:2

Rendering rescues/layout (not_found)


Processing PagesController#home (for 127.0.0.1 at 2010-07-22 14:02:55) [GET]
Rendering template within layouts/application
Rendering pages/home
Completed in 12ms (View: 10, DB: 0) | 200 OK [http://localhost/pages/home]


Processing ApplicationController#index (for 127.0.0.1 at 2010-07-22 14:02:57) [GET]

ActionController::RoutingError (No route matches "/stylesheets/custom.css" with {:method=>:get}):
  -e:2:in `load'
  -e:2

Rendering rescues/layout (not_found)


Processing PagesController#home (for 127.0.0.1 at 2010-07-22 14:08:07) [GET]
Rendering template within layouts/application
Rendering pages/home
Completed in 6ms (View: 5, DB: 0) | 200 OK [http://localhost/pages/home]


Processing PagesController#home (for 127.0.0.1 at 2010-07-22 14:17:01) [GET]
Rendering template within layouts/application
Rendering pages/home
Completed in 10ms (View: 7, DB: 0) | 200 OK [http://localhost/pages/home]


Processing PagesController#home (for 127.0.0.1 at 2010-07-22 14:20:21) [GET]
Rendering template within layouts/application
Rendering pages/home
Completed in 6ms (View: 4, DB: 0) | 200 OK [http://localhost/pages/home]


Processing PagesController#home (for 127.0.0.1 at 2010-07-22 14:21:39) [GET]
Rendering template within layouts/application
Rendering pages/home
Completed in 9ms (View: 6, DB: 0) | 200 OK [http://localhost/pages/home]


Processing PagesController#home (for 127.0.0.1 at 2010-07-22 14:22:12) [GET]
Rendering template within layouts/application
Rendering pages/home
Completed in 64ms (View: 5, DB: 0) | 200 OK [http://localhost/pages/home]


Processing PagesController#home (for 127.0.0.1 at 2010-07-22 14:26:52) [GET]
Rendering template within layouts/application
Rendering pages/home
Completed in 6ms (View: 4, DB: 0) | 200 OK [http://localhost/pages/home]


Processing PagesController#home (for 127.0.0.1 at 2010-07-22 14:27:16) [GET]
Rendering template within layouts/application
Rendering pages/home
Completed in 7ms (View: 5, DB: 0) | 200 OK [http://localhost/pages/home]


Processing PagesController#home (for 127.0.0.1 at 2010-07-22 14:27:26) [GET]
Rendering template within layouts/application
Rendering pages/home
Completed in 6ms (View: 5, DB: 0) | 200 OK [http://localhost/pages/home]


Processing PagesController#home (for 127.0.0.1 at 2010-07-22 14:28:03) [GET]
Rendering template within layouts/application
Rendering pages/home
Completed in 14ms (View: 12, DB: 0) | 200 OK [http://localhost/pages/home]


Processing PagesController#home (for 127.0.0.1 at 2010-07-22 14:28:04) [GET]
Rendering template within layouts/application
Rendering pages/home
Completed in 7ms (View: 4, DB: 0) | 200 OK [http://localhost/pages/home]


Processing PagesController#home (for 127.0.0.1 at 2010-07-22 14:28:11) [GET]
Rendering template within layouts/application
Rendering pages/home
Completed in 6ms (View: 4, DB: 0) | 200 OK [http://localhost/pages/home]


Processing PagesController#home (for 127.0.0.1 at 2010-07-22 14:29:15) [GET]
Rendering template within layouts/application
Rendering pages/home
Completed in 13ms (View: 11, DB: 0) | 200 OK [http://localhost/pages/home]


Processing PagesController#home (for 127.0.0.1 at 2010-07-22 14:29:17) [GET]
Rendering template within layouts/application
Rendering pages/home
Completed in 6ms (View: 4, DB: 0) | 200 OK [http://localhost/pages/home]


Processing PagesController#home (for 127.0.0.1 at 2010-07-22 14:29:18) [GET]
Rendering template within layouts/application
Rendering pages/home
Completed in 7ms (View: 5, DB: 0) | 200 OK [http://localhost/pages/home]


Processing PagesController#home (for 127.0.0.1 at 2010-07-22 14:29:18) [GET]
Rendering template within layouts/application
Rendering pages/home
Completed in 10ms (View: 7, DB: 0) | 200 OK [http://localhost/pages/home]


Processing PagesController#home (for 127.0.0.1 at 2010-07-22 14:29:19) [GET]
Rendering template within layouts/application
Rendering pages/home
Completed in 6ms (View: 5, DB: 0) | 200 OK [http://localhost/pages/home]


Processing PagesController#home (for 127.0.0.1 at 2010-07-22 14:29:20) [GET]
Rendering template within layouts/application
Rendering pages/home
Completed in 5ms (View: 4, DB: 0) | 200 OK [http://localhost/pages/home]


Processing PagesController#home (for 127.0.0.1 at 2010-07-22 14:29:20) [GET]
Rendering template within layouts/application
Rendering pages/home
Completed in 6ms (View: 4, DB: 0) | 200 OK [http://localhost/pages/home]


Processing PagesController#home (for 127.0.0.1 at 2010-07-22 14:29:20) [GET]
Rendering template within layouts/application
Rendering pages/home
Completed in 6ms (View: 5, DB: 0) | 200 OK [http://localhost/pages/home]


Processing PagesController#home (for 127.0.0.1 at 2010-07-22 14:31:31) [GET]
Rendering template within layouts/application
Rendering pages/home
Completed in 14ms (View: 12, DB: 0) | 200 OK [http://localhost/pages/home]


Processing PagesController#home (for 127.0.0.1 at 2010-07-22 14:45:22) [GET]
Rendering template within layouts/application
Rendering pages/home
Rendered layouts/_stylesheets (3.0ms)
Rendered layouts/_header (3.0ms)

ActionView::TemplateError (Missing layout layouts/_footer.erb in view path app/views) on line #14 of app/views/layouts/application.html.erb:
11: 			<div id="content" class="round">
12: 				<%= yield %>
13: 			</div>
14: 			<%= render 'layouts/footer' %>
15: 		</div>
16: 	</body>
17: </html>

    app/views/layouts/application.html.erb:14
    -e:2:in `load'
    -e:2

Rendered rescues/_trace (106.0ms)
Rendered rescues/_request_and_response (11.0ms)
Rendering rescues/layout (internal_server_error)


Processing PagesController#home (for 127.0.0.1 at 2010-07-22 14:45:48) [GET]
Rendering template within layouts/application
Rendering pages/home
Rendered layouts/_stylesheets (2.0ms)
Rendered layouts/_header (1.0ms)
Rendered layouts/_footer (1.0ms)
Completed in 72ms (View: 70, DB: 0) | 200 OK [http://localhost/pages/home]


Processing PagesController#home (for 127.0.0.1 at 2010-07-22 15:10:30) [GET]
Rendering template within layouts/application
Rendering pages/home
Rendered layouts/_stylesheets (1.0ms)
Rendered layouts/_header (0.0ms)
Rendered layouts/_footer (0.0ms)
Completed in 23ms (View: 7, DB: 0) | 200 OK [http://localhost/pages/home]


Processing ApplicationController#index (for 127.0.0.1 at 2010-07-22 15:10:38) [GET]

ActionController::RoutingError (No route matches "/home" with {:method=>:get}):
  -e:2:in `load'
  -e:2

Rendering rescues/layout (not_found)


Processing ApplicationController#index (for 127.0.0.1 at 2010-07-22 15:10:43) [GET]

ActionController::RoutingError (No route matches "/home" with {:method=>:get}):
  -e:2:in `load'
  -e:2

Rendering rescues/layout (not_found)


Processing PagesController#home (for 127.0.0.1 at 2010-07-22 15:11:23) [GET]
Rendering template within layouts/application
Rendering pages/home
Rendered layouts/_stylesheets (2.0ms)
Rendered layouts/_header (1.0ms)
Rendered layouts/_footer (0.0ms)
Completed in 8ms (View: 6, DB: 0) | 200 OK [http://localhost/home]


Processing PagesController#home (for 127.0.0.1 at 2010-07-22 15:15:43) [GET]
Rendering template within layouts/application
Rendering pages/home
Rendered layouts/_stylesheets (1.0ms)
Rendered layouts/_header (3.0ms)
Rendered layouts/_footer (1.0ms)
Completed in 21ms (View: 19, DB: 0) | 200 OK [http://localhost/home]


Processing PagesController#home (for 127.0.0.1 at 2010-07-22 15:16:09) [GET]
Rendering template within layouts/application
Rendering pages/home
Rendered layouts/_stylesheets (1.0ms)

ActionView::TemplateError (undefined local variable or method `home_path' for #<ActionView::Base:0x6774ee8>) on line #6 of app/views/layouts/_header.html.erb:
3: 	<%= link_to logo, root_path %>
4:     <ul class="navigation round">
5:         <li>
6:             <%= link_to "Home", home_path %>
7:         </li>
8:         <li>
9:             <%= link_to "Help", help_path %>

    app/views/layouts/_header.html.erb:6
    app/views/layouts/application.html.erb:10
    -e:2:in `load'
    -e:2

Rendered rescues/_trace (135.0ms)
Rendered rescues/_request_and_response (0.0ms)
Rendering rescues/layout (internal_server_error)


Processing PagesController#home (for 127.0.0.1 at 2010-07-22 15:17:37) [GET]
Rendering template within layouts/application
Rendering pages/home
Rendered layouts/_stylesheets (1.0ms)
Rendered layouts/_header (1.0ms)
Rendered layouts/_footer (2.0ms)
Completed in 16ms (View: 14, DB: 0) | 200 OK [http://localhost/home]


Processing PagesController#help (for 127.0.0.1 at 2010-07-22 15:17:50) [GET]

ActionController::UnknownAction (No action responded to help. Actions: about, contact, and home):
  -e:2:in `load'
  -e:2

Rendering rescues/layout (not_found)


Processing PagesController#help (for 127.0.0.1 at 2010-07-22 15:20:24) [GET]
Rendering template within layouts/application
Rendering pages/help
Rendered layouts/_stylesheets (2.0ms)
Rendered layouts/_header (1.0ms)
Rendered layouts/_footer (0.0ms)
Completed in 15ms (View: 13, DB: 0) | 200 OK [http://localhost/help]


Processing PagesController#home (for 127.0.0.1 at 2010-07-22 15:20:29) [GET]
Rendering template within layouts/application
Rendering pages/home
Rendered layouts/_stylesheets (2.0ms)
Rendered layouts/_header (1.0ms)
Rendered layouts/_footer (0.0ms)
Completed in 8ms (View: 6, DB: 0) | 200 OK [http://localhost/home]


Processing PagesController#help (for 127.0.0.1 at 2010-07-22 15:20:32) [GET]
Rendering template within layouts/application
Rendering pages/help
Rendered layouts/_stylesheets (3.0ms)
Rendered layouts/_header (1.0ms)
Rendered layouts/_footer (0.0ms)
Completed in 11ms (View: 9, DB: 0) | 200 OK [http://localhost/help]


Processing PagesController#contact (for 127.0.0.1 at 2010-07-22 15:20:36) [GET]
Rendering template within layouts/application
Rendering pages/contact
Rendered layouts/_stylesheets (1.0ms)
Rendered layouts/_header (1.0ms)
Rendered layouts/_footer (0.0ms)
Completed in 9ms (View: 7, DB: 0) | 200 OK [http://localhost/contact]


Processing PagesController#about (for 127.0.0.1 at 2010-07-22 15:20:40) [GET]
Rendering template within layouts/application
Rendering pages/about
Rendered layouts/_stylesheets (1.0ms)
Rendered layouts/_header (1.0ms)
Rendered layouts/_footer (1.0ms)
Completed in 8ms (View: 7, DB: 0) | 200 OK [http://localhost/about]


Processing PagesController#contact (for 127.0.0.1 at 2010-07-22 15:20:43) [GET]
Rendering template within layouts/application
Rendering pages/contact
Rendered layouts/_stylesheets (2.0ms)
Rendered layouts/_header (1.0ms)
Rendered layouts/_footer (0.0ms)
Completed in 8ms (View: 6, DB: 0) | 200 OK [http://localhost/contact]


Processing PagesController#about (for 127.0.0.1 at 2010-07-22 15:20:46) [GET]
Rendering template within layouts/application
Rendering pages/about
Rendered layouts/_stylesheets (2.0ms)
Rendered layouts/_header (0.0ms)
Rendered layouts/_footer (0.0ms)
Completed in 8ms (View: 6, DB: 0) | 200 OK [http://localhost/about]


Processing PagesController#help (for 127.0.0.1 at 2010-07-22 15:20:50) [GET]
Rendering template within layouts/application
Rendering pages/help
Rendered layouts/_stylesheets (1.0ms)
Rendered layouts/_header (1.0ms)
Rendered layouts/_footer (1.0ms)
Completed in 8ms (View: 7, DB: 0) | 200 OK [http://localhost/help]


Processing PagesController#home (for 127.0.0.1 at 2010-07-22 15:20:53) [GET]
Rendering template within layouts/application
Rendering pages/home
Rendered layouts/_stylesheets (1.0ms)
Rendered layouts/_header (1.0ms)
Rendered layouts/_footer (0.0ms)
Completed in 9ms (View: 7, DB: 0) | 200 OK [http://localhost/home]


Processing PagesController#home (for 127.0.0.1 at 2010-07-22 15:30:51) [GET]
Rendering template within layouts/application
Rendering pages/home
Rendered layouts/_stylesheets (2.0ms)
Rendered layouts/_header (1.0ms)
Rendered layouts/_footer (0.0ms)
Completed in 15ms (View: 13, DB: 0) | 200 OK [http://localhost/home]


Processing UsersController#new (for 127.0.0.1 at 2010-07-22 15:30:56) [GET]
Rendering template within layouts/application
Rendering users/new
Rendered layouts/_stylesheets (1.0ms)
Rendered layouts/_header (1.0ms)
Rendered layouts/_footer (0.0ms)
Completed in 15ms (View: 13, DB: 0) | 200 OK [http://localhost/signup]


Processing UsersController#new (for 127.0.0.1 at 2010-07-22 15:31:17) [GET]
Rendering template within layouts/application
Rendering users/new
Rendered layouts/_stylesheets (1.0ms)
Rendered layouts/_header (2.0ms)
Rendered layouts/_footer (0.0ms)
Completed in 10ms (View: 8, DB: 0) | 200 OK [http://localhost/signup]
  [4;36;1mSQL (0.0ms)[0m   [0;1m SELECT name
 FROM sqlite_master
 WHERE type = 'table' AND NOT name = 'sqlite_sequence'
[0m
  [4;35;1mSQL (0.0ms)[0m   [0mselect sqlite_version(*)[0m
  [4;36;1mSQL (95.0ms)[0m   [0;1mCREATE TABLE "schema_migrations" ("version" varchar(255) NOT NULL) [0m
  [4;35;1mSQL (0.0ms)[0m   [0mPRAGMA index_list("schema_migrations")[0m
  [4;36;1mSQL (124.0ms)[0m   [0;1mCREATE UNIQUE INDEX "unique_schema_migrations" ON "schema_migrations" ("version")[0m
  [4;35;1mSQL (1.0ms)[0m   [0m SELECT name
 FROM sqlite_master
 WHERE type = 'table' AND NOT name = 'sqlite_sequence'
[0m
  [4;36;1mSQL (1.0ms)[0m   [0;1mSELECT version FROM schema_migrations[0m
  [4;35;1mSQL (0.0ms)[0m   [0m SELECT name
 FROM sqlite_master
 WHERE type = 'table' AND NOT name = 'sqlite_sequence'
[0m
  [4;36;1mSQL (0.0ms)[0m   [0;1mSELECT version FROM schema_migrations[0m
  [4;35;1mSQL (0.0ms)[0m   [0m SELECT name
 FROM sqlite_master
 WHERE type = 'table' AND NOT name = 'sqlite_sequence'
[0m
  [4;36;1mSQL (0.0ms)[0m   [0;1m SELECT name
 FROM sqlite_master
 WHERE type = 'table' AND NOT name = 'sqlite_sequence'
[0m
  [4;35;1mSQL (0.0ms)[0m   [0mSELECT version FROM schema_migrations[0m
Migrating to CreateUsers (20100722094255)
  [4;36;1mSQL (0.0ms)[0m   [0;1mselect sqlite_version(*)[0m
  [4;35;1mSQL (3.0ms)[0m   [0mCREATE TABLE "users" ("id" INTEGER PRIMARY KEY AUTOINCREMENT NOT NULL, "name" varchar(255), "email" varchar(255), "created_at" datetime, "updated_at" datetime) [0m
  [4;36;1mSQL (1.0ms)[0m   [0;1mINSERT INTO schema_migrations (version) VALUES ('20100722094255')[0m
  [4;35;1mSQL (1.0ms)[0m   [0m SELECT name
 FROM sqlite_master
 WHERE type = 'table' AND NOT name = 'sqlite_sequence'
[0m
  [4;36;1mSQL (1.0ms)[0m   [0;1mSELECT version FROM schema_migrations[0m
  [4;35;1mSQL (4.0ms)[0m   [0m SELECT name
 FROM sqlite_master
 WHERE type = 'table' AND NOT name = 'sqlite_sequence'
[0m
  [4;36;1mSQL (1.0ms)[0m   [0;1mPRAGMA index_list("users")[0m
  [4;36;1mSQL (1.0ms)[0m   [0;1m SELECT name
 FROM sqlite_master
 WHERE type = 'table' AND NOT name = 'sqlite_sequence'
[0m
  [4;35;1mSQL (0.0ms)[0m   [0mSELECT version FROM schema_migrations[0m
  [4;36;1mSQL (0.0ms)[0m   [0;1m SELECT name
 FROM sqlite_master
 WHERE type = 'table' AND NOT name = 'sqlite_sequence'
[0m
  [4;35;1mSQL (0.0ms)[0m   [0mSELECT version FROM schema_migrations[0m
  [4;36;1mSQL (0.0ms)[0m   [0;1m SELECT name
 FROM sqlite_master
 WHERE type = 'table' AND NOT name = 'sqlite_sequence'
[0m
  [4;35;1mSQL (0.0ms)[0m   [0mSELECT version FROM schema_migrations[0m
  [4;36;1mSQL (0.0ms)[0m   [0;1mselect sqlite_version(*)[0m
  [4;35;1mSQL (1.0ms)[0m   [0m SELECT name
 FROM sqlite_master
 WHERE type = 'table' AND NOT name = 'sqlite_sequence'
[0m
  [4;36;1mSQL (98.0ms)[0m   [0;1mCREATE TABLE "users" ("id" INTEGER PRIMARY KEY AUTOINCREMENT NOT NULL, "name" varchar(255), "email" varchar(255), "created_at" datetime, "updated_at" datetime) [0m
  [4;35;1mSQL (1.0ms)[0m   [0m SELECT name
 FROM sqlite_master
 WHERE type = 'table' AND NOT name = 'sqlite_sequence'
[0m
  [4;36;1mSQL (106.0ms)[0m   [0;1mCREATE TABLE "schema_migrations" ("version" varchar(255) NOT NULL) [0m
  [4;35;1mSQL (0.0ms)[0m   [0mPRAGMA index_list("schema_migrations")[0m
  [4;36;1mSQL (97.0ms)[0m   [0;1mCREATE UNIQUE INDEX "unique_schema_migrations" ON "schema_migrations" ("version")[0m
  [4;35;1mSQL (2.0ms)[0m   [0m SELECT name
 FROM sqlite_master
 WHERE type = 'table' AND NOT name = 'sqlite_sequence'
[0m
  [4;36;1mSQL (0.0ms)[0m   [0;1mSELECT version FROM "schema_migrations"[0m
  [4;35;1mSQL (113.0ms)[0m   [0mINSERT INTO "schema_migrations" (version) VALUES ('20100722094255')[0m
  [4;36;1mUser Create (3.0ms)[0m   [0;1mINSERT INTO "users" ("name", "created_at", "updated_at", "email") VALUES('Robin', '2010-07-22 10:13:47', '2010-07-22 10:13:47', 'wang_haibing@126.com')[0m
  [4;35;1mUser Create (1.0ms)[0m   [0mINSERT INTO "users" ("name", "created_at", "updated_at", "email") VALUES('A Nother', '2010-07-22 10:16:19', '2010-07-22 10:16:19', 'another@example.org')[0m
  [4;36;1mUser Create (0.0ms)[0m   [0;1mINSERT INTO "users" ("name", "created_at", "updated_at", "email") VALUES('Foo', '2010-07-22 10:16:38', '2010-07-22 10:16:38', 'foo@bar.com')[0m
  [4;35;1mUser Destroy (0.0ms)[0m   [0mDELETE FROM "users" WHERE "id" = 3[0m
  [4;36;1mUser Load (1.0ms)[0m   [0;1mSELECT * FROM "users" WHERE ("users"."id" = 3) [0m
  [4;35;1mUser Load (1.0ms)[0m   [0mSELECT * FROM "users" WHERE ("users"."id" = 1) [0m
  [4;36;1mUser Load (1.0ms)[0m   [0;1mSELECT * FROM "users" WHERE ("users"."email" = 'wang@126.com') LIMIT 1[0m
  [4;35;1mUser Load (0.0ms)[0m   [0mSELECT * FROM "users" WHERE ("users"."email" = 'wang_haibing@126.com') LIMIT 1[0m
  [4;36;1mUser Load (0.0ms)[0m   [0;1mSELECT * FROM "users" LIMIT 1[0m
  [4;35;1mUser Load (0.0ms)[0m   [0mSELECT * FROM "users" [0m
  [4;36;1mUser Update (0.0ms)[0m   [0;1mUPDATE "users" SET "updated_at" = '2010-07-22 10:19:43', "email" = 'mh@example.net' WHERE "id" = 1[0m
  [4;35;1mUser Load (1.0ms)[0m   [0mSELECT * FROM "users" WHERE ("users"."id" = 1) [0m
  [4;36;1mUser Load (0.0ms)[0m   [0;1mSELECT * FROM "users" WHERE ("users"."id" = 1) [0m
  [4;35;1mUser Load (0.0ms)[0m   [0mSELECT * FROM "users" WHERE ("users"."id" = 1) [0m
  [4;36;1mUser Update (0.0ms)[0m   [0;1mUPDATE "users" SET "updated_at" = '2010-07-22 10:21:47', "email" = 'dudu@aa.com', "name" = 'The Dude' WHERE "id" = 1[0m
  [4;36;1mSQL (1.0ms)[0m   [0;1m SELECT name
 FROM sqlite_master
 WHERE type = 'table' AND NOT name = 'sqlite_sequence'
[0m
  [4;35;1mSQL (0.0ms)[0m   [0mSELECT version FROM schema_migrations[0m
  [4;36;1mSQL (1.0ms)[0m   [0;1m SELECT name
 FROM sqlite_master
 WHERE type = 'table' AND NOT name = 'sqlite_sequence'
[0m
  [4;35;1mSQL (0.0ms)[0m   [0mSELECT version FROM schema_migrations[0m
